[fail] kind10/perf_etpsv exit=124
[fail] kind10/perf_etrsv exit=124
[fail] kind10/perf_ygemv exit=124
[fail] kind10/perf_ytbsv exit=124
[fail] kind10/perf_ytpsv exit=124
[fail] kind10/perf_ytrmm exit=124
[fail] kind10/perf_ytrsm exit=124
[fail] kind10/perf_ytrsv exit=124
[fail] kind16/perf_qgemm exit=124
[fail] kind16/perf_qgemmtr exit=124
[fail] kind16/perf_qgemv exit=124
[fail] kind16/perf_qger exit=124
[fail] kind16/perf_qspmv exit=124
[fail] kind16/perf_qsymm exit=124
[fail] kind16/perf_qsymv exit=124
[fail] kind16/perf_qsyrk exit=124
[fail] kind16/perf_qtpmv exit=124
[fail] kind16/perf_qtpsv exit=124
[fail] kind16/perf_qtrmm exit=124
[fail] kind16/perf_qtrmv exit=124
[fail] kind16/perf_qtrsm exit=124
[fail] kind16/perf_qtrsv exit=124
[fail] kind16/perf_xgemm exit=124
[fail] kind16/perf_xgemmtr exit=124
[fail] kind16/perf_xgemv exit=124
[fail] kind16/perf_xgerc exit=124
[fail] kind16/perf_xgeru exit=124
[fail] kind16/perf_xhemm exit=124
[fail] kind16/perf_xhemv exit=124
[fail] kind16/perf_xher exit=124
[fail] kind16/perf_xherk exit=124
[fail] kind16/perf_xhpmv exit=124
[fail] kind16/perf_xhpr exit=124
[fail] kind16/perf_xsymm exit=124
[fail] kind16/perf_xsyrk exit=124
[fail] kind16/perf_xtpmv exit=124
[fail] kind16/perf_xtpsv exit=124
[fail] kind16/perf_xtrmm exit=124
[fail] kind16/perf_xtrmv exit=124
[fail] kind16/perf_xtrsm exit=124
[fail] kind16/perf_xtrsv exit=124
[fail] multifloats/perf_mgemm exit=124
[fail] multifloats/perf_mgemmtr exit=124
[fail] multifloats/perf_mgemv exit=124
[fail] multifloats/perf_mspmv exit=124
[fail] multifloats/perf_msymm exit=124
[fail] multifloats/perf_msymv exit=124
[fail] multifloats/perf_mtrmm exit=124
[fail] multifloats/perf_mtrsm exit=124
[fail] multifloats/perf_wgemm exit=124
[fail] multifloats/perf_wgemmtr exit=124
[fail] multifloats/perf_wgemv exit=124
[fail] multifloats/perf_wgerc exit=124
[fail] multifloats/perf_wgeru exit=124
[fail] multifloats/perf_whemm exit=124
[fail] multifloats/perf_whemv exit=124
[fail] multifloats/perf_wherk exit=124
