[fail] epopenblas-omp1/etrmm exit=124
[fail] epopenblas-omp4/etrmm exit=124
[fail] parallel-blas-omp1/etrmm exit=124
[fail] parallel-blas-omp4/etrmm exit=124
[fail] epopenblas-omp1/etrsm exit=124
[fail] epopenblas-omp4/etrsm exit=124
[fail] parallel-blas-omp1/etrsm exit=124
[fail] parallel-blas-omp4/etrsm exit=124
[fail] epopenblas-omp1/ygemm exit=124
[fail] epopenblas-omp4/ygemm exit=124
[fail] parallel-blas-omp1/ygemm exit=124
[fail] parallel-blas-omp4/ygemm exit=124
[fail] epopenblas-omp1/ygemmtr exit=124
[fail] epopenblas-omp4/ygemmtr exit=124
[fail] parallel-blas-omp1/ygemmtr exit=124
[fail] parallel-blas-omp4/ygemmtr exit=124
[fail] epopenblas-omp1/yhemm exit=124
[fail] epopenblas-omp4/yhemm exit=124
[fail] parallel-blas-omp1/yhemm exit=124
[fail] parallel-blas-omp4/yhemm exit=124
[fail] epopenblas-omp1/yher2k exit=124
[fail] epopenblas-omp4/yher2k exit=124
[fail] parallel-blas-omp1/yher2k exit=124
[fail] parallel-blas-omp4/yher2k exit=124
[fail] epopenblas-omp1/ysymm exit=124
[fail] epopenblas-omp4/ysymm exit=124
[fail] parallel-blas-omp1/ysymm exit=124
[fail] parallel-blas-omp4/ysymm exit=124
[fail] epopenblas-omp1/ysyr2k exit=124
[fail] epopenblas-omp4/ysyr2k exit=124
[fail] parallel-blas-omp1/ysyr2k exit=124
[fail] parallel-blas-omp4/ysyr2k exit=124
[fail] epopenblas-omp1/ytpsv exit=124
[fail] epopenblas-omp4/ytpsv exit=124
[fail] parallel-blas-omp1/ytpsv exit=124
[fail] parallel-blas-omp4/ytpsv exit=124
[fail] epopenblas-omp1/ytrmm exit=124
[fail] epopenblas-omp4/ytrmm exit=124
[fail] parallel-blas-omp1/ytrmm exit=124
[fail] parallel-blas-omp4/ytrmm exit=124
[fail] epopenblas-omp1/ytrsm exit=124
[fail] epopenblas-omp4/ytrsm exit=124
[fail] parallel-blas-omp1/ytrsm exit=124
[fail] parallel-blas-omp4/ytrsm exit=124
[fail] epopenblas-omp1/ytrsv exit=124
[fail] epopenblas-omp4/ytrsv exit=124
[fail] parallel-blas-omp1/ytrsv exit=124
[fail] parallel-blas-omp4/ytrsv exit=124
